<?xml version="1.0" encoding="UTF-8"?>
<testng-results ignored="0" total="1" passed="0" failed="1" skipped="0">
  <reporter-output>
  </reporter-output>
  <suite started-at="2024-03-09T13:21:07 EST" name="Cross-Platform" finished-at="2024-03-09T13:25:14 EST" duration-ms="246944">
    <groups>
    </groups>
    <test started-at="2024-03-09T13:21:07 EST" name="EAQSWT_SEL_Auto_Vehicule_auto-0" finished-at="2024-03-09T13:25:14 EST" duration-ms="246944">
      <class name="com.browserstack.EAQSWT_SEL_Auto_Vehicule_auto">
        <test-method is-config="true" signature="setUp()[pri:0, instance:com.browserstack.EAQSWT_SEL_Auto_Vehicule_auto@42f22995]" started-at="2024-03-09T13:21:08 EST" name="setUp" finished-at="2024-03-09T13:21:21 EST" duration-ms="13856" status="PASS">
          <reporter-output>
          </reporter-output>
        </test-method> <!-- setUp -->
        <test-method signature="Soumission_simple()[pri:0, instance:com.browserstack.EAQSWT_SEL_Auto_Vehicule_auto@42f22995]" started-at="2024-03-09T13:21:21 EST" name="Soumission_simple" finished-at="2024-03-09T13:25:13 EST" duration-ms="231978" status="FAIL">
          <exception class="org.openqa.selenium.TimeoutException">
            <message>
              <![CDATA[Expected condition failed: waiting for presence of element located by: By.xpath: //div[@id='upcomingPolicyRadioButton']/div[2]/span (tried for 90 second(s) with 500 milliseconds interval)]]>
            </message>
            <full-stacktrace>
              <![CDATA[org.openqa.selenium.TimeoutException: Expected condition failed: waiting for presence of element located by: By.xpath: //div[@id='upcomingPolicyRadioButton']/div[2]/span (tried for 90 second(s) with 500 milliseconds interval)
at org.openqa.selenium.support.ui.WebDriverWait.timeoutException(WebDriverWait.java:84)
at org.openqa.selenium.support.ui.FluentWait.until(FluentWait.java:228)
at com.browserstack.EAQSWT_SEL_Auto_Vehicule_auto.Soumission_simple(EAQSWT_SEL_Auto_Vehicule_auto.java:188)
at java.base/jdk.internal.reflect.NativeMethodAccessorImpl.invoke0(Native Method)
at java.base/jdk.internal.reflect.NativeMethodAccessorImpl.invoke(NativeMethodAccessorImpl.java:77)
at java.base/jdk.internal.reflect.DelegatingMethodAccessorImpl.invoke(DelegatingMethodAccessorImpl.java:43)
at java.base/java.lang.reflect.Method.invoke(Method.java:568)
at org.testng.internal.MethodInvocationHelper.invokeMethod(MethodInvocationHelper.java:133)
at org.testng.internal.TestInvoker.invokeMethod(TestInvoker.java:598)
at org.testng.internal.TestInvoker.invokeTestMethod(TestInvoker.java:173)
at org.testng.internal.MethodRunner.runInSequence(MethodRunner.java:46)
at org.testng.internal.TestInvoker$MethodInvocationAgent.invoke(TestInvoker.java:824)
at org.testng.internal.TestInvoker.invokeTestMethods(TestInvoker.java:146)
at org.testng.internal.TestMethodWorker.invokeTestMethods(TestMethodWorker.java:146)
at org.testng.internal.TestMethodWorker.run(TestMethodWorker.java:128)
at java.base/java.util.ArrayList.forEach(ArrayList.java:1511)
at org.testng.TestRunner.privateRun(TestRunner.java:794)
at org.testng.TestRunner.run(TestRunner.java:596)
at org.testng.SuiteRunner.runTest(SuiteRunner.java:377)
at org.testng.SuiteRunner.access$000(SuiteRunner.java:28)
at org.testng.SuiteRunner$SuiteWorker.run(SuiteRunner.java:418)
at org.testng.internal.thread.ThreadUtil.lambda$execute$0(ThreadUtil.java:64)
at java.base/java.util.concurrent.FutureTask.run(FutureTask.java:264)
at java.base/java.util.concurrent.ThreadPoolExecutor.runWorker(ThreadPoolExecutor.java:1136)
at java.base/java.util.concurrent.ThreadPoolExecutor$Worker.run(ThreadPoolExecutor.java:635)
at java.base/java.lang.Thread.run(Thread.java:840)
Caused by: org.openqa.selenium.NoSuchElementException: no such element: Unable to locate element: {"method":"xpath","selector":"//div[@id='upcomingPolicyRadioButton']/div[2]/span"}
  (Session info: chrome=120.0.6099.144)
For documentation on this error, please visit: https://www.selenium.dev/documentation/webdriver/troubleshooting/errors#no-such-element-exception
Build info: version: '4.17.0', revision: 'e52b1be057*'
System info: os.name: 'Windows 10', os.arch: 'amd64', os.version: '10.0', java.version: '17.0.10'
Driver info: org.openqa.selenium.chrome.ChromeDriver
Command: [dc9615dc3f8ffd7d5d337f0ecb43ae952fa1d0cc, findElement {using=xpath, value=//div[@id='upcomingPolicyRadioButton']/div[2]/span}]
Capabilities {appActivity: com.google.android.apps.chr..., appPackage: com.android.chrome, browserName: chrome, chromedriverArgs: [--adb-port=5038], chromedriverPort: 18081, databaseEnabled: false, desired: {browserName: chrome, chromedriverArgs: [--adb-port=5038], chromedriverPort: 18081, deviceName: android, goog:chromeOptions: {args: [start-maximized, --proxy-bypass-list=<-loopb..., test-type, --proxy-server=http://209.2..., --disable-features=Translate]}, newCommandTimeout: 0, platformName: Android, skipServerInstallation: true, systemPort: 8201, udid: 35051FDH2006VA}, deviceApiLevel: 33, deviceManufacturer: Google, deviceModel: Pixel 7, deviceName: 35051FDH2006VA, deviceScreenDensity: 420, deviceScreenSize: 1080x2400, deviceUDID: 35051FDH2006VA, goog:chromeOptions: {args: [start-maximized, --proxy-bypass-list=<-loopb..., test-type, --proxy-server=http://209.2..., --disable-features=Translate]}, javascriptEnabled: true, locationContextEnabled: false, networkConnectionEnabled: true, newCommandTimeout: 0, optimalHubUrl: hub-use.browserstack.com, pixelRatio: 2.625, platform: LINUX, platformName: ANDROID, platformVersion: 13, skipServerInstallation: true, statBarHeight: 118, systemPort: 8201, takesScreenshot: true, udid: 35051FDH2006VA, viewportRect: {height: 2101, left: 0, top: 118, width: 1080}, warnings: {}, webStorageEnabled: false}
Session ID: dc9615dc3f8ffd7d5d337f0ecb43ae952fa1d0cc
at jdk.internal.reflect.GeneratedConstructorAccessor17.newInstance(Unknown Source)
at java.base/jdk.internal.reflect.DelegatingConstructorAccessorImpl.newInstance(DelegatingConstructorAccessorImpl.java:45)
at java.base/java.lang.reflect.Constructor.newInstanceWithCaller(Constructor.java:499)
at java.base/java.lang.reflect.Constructor.newInstance(Constructor.java:480)
at org.openqa.selenium.remote.codec.w3c.W3CHttpResponseCodec.createException(W3CHttpResponseCodec.java:185)
at org.openqa.selenium.remote.codec.w3c.W3CHttpResponseCodec.decode(W3CHttpResponseCodec.java:134)
at org.openqa.selenium.remote.codec.w3c.W3CHttpResponseCodec.decode(W3CHttpResponseCodec.java:51)
at org.openqa.selenium.remote.HttpCommandExecutor.execute(HttpCommandExecutor.java:190)
at org.openqa.selenium.remote.RemoteWebDriver.execute(RemoteWebDriver.java:519)
at org.openqa.selenium.remote.ElementLocation$ElementFinder$2.findElement(ElementLocation.java:165)
at org.openqa.selenium.remote.ElementLocation.findElement(ElementLocation.java:59)
at org.openqa.selenium.remote.RemoteWebDriver.findElement(RemoteWebDriver.java:356)
at org.openqa.selenium.remote.RemoteWebDriver.findElement(RemoteWebDriver.java:350)
at org.openqa.selenium.support.ui.ExpectedConditions$6.apply(ExpectedConditions.java:171)
at org.openqa.selenium.support.ui.ExpectedConditions$6.apply(ExpectedConditions.java:168)
at org.openqa.selenium.support.ui.FluentWait.until(FluentWait.java:203)
... 24 more
]]>
            </full-stacktrace>
          </exception> <!-- org.openqa.selenium.TimeoutException -->
          <reporter-output>
          </reporter-output>
        </test-method> <!-- Soumission_simple -->
        <test-method is-config="true" signature="tearDown()[pri:0, instance:com.browserstack.EAQSWT_SEL_Auto_Vehicule_auto@42f22995]" started-at="2024-03-09T13:25:13 EST" name="tearDown" finished-at="2024-03-09T13:25:14 EST" duration-ms="913" status="PASS">
          <reporter-output>
          </reporter-output>
        </test-method> <!-- tearDown -->
      </class> <!-- com.browserstack.EAQSWT_SEL_Auto_Vehicule_auto -->
    </test> <!-- EAQSWT_SEL_Auto_Vehicule_auto-0 -->
  </suite> <!-- Cross-Platform -->
</testng-results>
